\BOOKMARK [1][-]{section.1}{Pr\351sentation du TP}{}% 1
\BOOKMARK [1][-]{section.2}{Pr\351sentation de la structure}{}% 2
\BOOKMARK [2][-]{subsection.2.1}{Sch\351ma de la structure}{section.2}% 3
\BOOKMARK [2][-]{subsection.2.2}{Format des fichiers en entr\351e et en sortie}{section.2}% 4
\BOOKMARK [1][-]{section.3}{Pr\351sentation des Fonctions}{}% 5
\BOOKMARK [2][-]{subsection.3.1}{tete.h et tete.c}{section.3}% 6
\BOOKMARK [2][-]{subsection.3.2}{semaine.h et semaine.c}{section.3}% 7
\BOOKMARK [2][-]{subsection.3.3}{action.h et action.c}{section.3}% 8
\BOOKMARK [2][-]{subsection.3.4}{commun.h et commun.c}{section.3}% 9
\BOOKMARK [3][-]{subsubsection.3.4.1}{Lecture et Ecriture dans les fichiers}{subsection.3.4}% 10
\BOOKMARK [3][-]{subsubsection.3.4.2}{Gestion d'allocation}{subsection.3.4}% 11
\BOOKMARK [3][-]{subsubsection.3.4.3}{Ajout et Suppression}{subsection.3.4}% 12
\BOOKMARK [3][-]{subsubsection.3.4.4}{Affichage}{subsection.3.4}% 13
\BOOKMARK [2][-]{subsection.3.5}{contigue.h et contigue.c}{section.3}% 14
\BOOKMARK [1][-]{section.4}{Liste des cas}{}% 15
\BOOKMARK [2][-]{subsection.4.1}{Lecture}{section.4}% 16
\BOOKMARK [2][-]{subsection.4.2}{Ajout}{section.4}% 17
\BOOKMARK [2][-]{subsection.4.3}{Suppression}{section.4}% 18
\BOOKMARK [2][-]{subsection.4.4}{Contigu\353}{section.4}% 19
\BOOKMARK [1][-]{section.5}{Annexe}{}% 20
