This is pdfTeX, Version 3.14159265-2.6-1.40.20 (TeX Live 2019/Debian) (preloaded format=pdflatex 2021.1.20)  28 FEB 2022 12:29
entering extended mode
 restricted \write18 enabled.
 %&-line parsing enabled.
**rapport.tex
(./rapport.tex
LaTeX2e <2020-02-02> patch level 2
L3 programming layer <2020-02-14>
(/usr/share/texlive/texmf-dist/tex/latex/base/article.cls
Document Class: article 2019/12/20 v1.4l Standard LaTeX document class
(/usr/share/texlive/texmf-dist/tex/latex/base/size12.clo
File: size12.clo 2019/12/20 v1.4l Standard LaTeX file (size option)
)
\c@part=\count167
\c@section=\count168
\c@subsection=\count169
\c@subsubsection=\count170
\c@paragraph=\count171
\c@subparagraph=\count172
\c@figure=\count173
\c@table=\count174
\abovecaptionskip=\skip47
\belowcaptionskip=\skip48
\bibindent=\dimen134
)
(/usr/share/texlive/texmf-dist/tex/latex/base/inputenc.sty
Package: inputenc 2018/08/11 v1.3c Input encoding file
\inpenc@prehook=\toks14
\inpenc@posthook=\toks15
)
(/usr/share/texlive/texmf-dist/tex/latex/base/fontenc.sty
Package: fontenc 2020/02/11 v2.0o Standard LaTeX package
)
(/usr/share/texmf/tex/latex/lm/lmodern.sty
Package: lmodern 2009/10/30 v1.6 Latin Modern Fonts
LaTeX Font Info:    Overwriting symbol font `operators' in version `normal'
(Font)                  OT1/cmr/m/n --> OT1/lmr/m/n on input line 22.
LaTeX Font Info:    Overwriting symbol font `letters' in version `normal'
(Font)                  OML/cmm/m/it --> OML/lmm/m/it on input line 23.
LaTeX Font Info:    Overwriting symbol font `symbols' in version `normal'
(Font)                  OMS/cmsy/m/n --> OMS/lmsy/m/n on input line 24.
LaTeX Font Info:    Overwriting symbol font `largesymbols' in version `normal'
(Font)                  OMX/cmex/m/n --> OMX/lmex/m/n on input line 25.
LaTeX Font Info:    Overwriting symbol font `operators' in version `bold'
(Font)                  OT1/cmr/bx/n --> OT1/lmr/bx/n on input line 26.
LaTeX Font Info:    Overwriting symbol font `letters' in version `bold'
(Font)                  OML/cmm/b/it --> OML/lmm/b/it on input line 27.
LaTeX Font Info:    Overwriting symbol font `symbols' in version `bold'
(Font)                  OMS/cmsy/b/n --> OMS/lmsy/b/n on input line 28.
LaTeX Font Info:    Overwriting symbol font `largesymbols' in version `bold'
(Font)                  OMX/cmex/m/n --> OMX/lmex/m/n on input line 29.
LaTeX Font Info:    Overwriting math alphabet `\mathbf' in version `normal'
(Font)                  OT1/cmr/bx/n --> OT1/lmr/bx/n on input line 31.
LaTeX Font Info:    Overwriting math alphabet `\mathsf' in version `normal'
(Font)                  OT1/cmss/m/n --> OT1/lmss/m/n on input line 32.
LaTeX Font Info:    Overwriting math alphabet `\mathit' in version `normal'
(Font)                  OT1/cmr/m/it --> OT1/lmr/m/it on input line 33.
LaTeX Font Info:    Overwriting math alphabet `\mathtt' in version `normal'
(Font)                  OT1/cmtt/m/n --> OT1/lmtt/m/n on input line 34.
LaTeX Font Info:    Overwriting math alphabet `\mathbf' in version `bold'
(Font)                  OT1/cmr/bx/n --> OT1/lmr/bx/n on input line 35.
LaTeX Font Info:    Overwriting math alphabet `\mathsf' in version `bold'
(Font)                  OT1/cmss/bx/n --> OT1/lmss/bx/n on input line 36.
LaTeX Font Info:    Overwriting math alphabet `\mathit' in version `bold'
(Font)                  OT1/cmr/bx/it --> OT1/lmr/bx/it on input line 37.
LaTeX Font Info:    Overwriting math alphabet `\mathtt' in version `bold'
(Font)                  OT1/cmtt/m/n --> OT1/lmtt/m/n on input line 38.
)
(/usr/share/texlive/texmf-dist/tex/latex/geometry/geometry.sty
Package: geometry 2020/01/02 v5.9 Page Geometry

(/usr/share/texlive/texmf-dist/tex/latex/graphics/keyval.sty
Package: keyval 2014/10/28 v1.15 key=value parser (DPC)
\KV@toks@=\toks16
)
(/usr/share/texlive/texmf-dist/tex/generic/iftex/ifvtex.sty
Package: ifvtex 2019/10/25 v1.7 ifvtex legacy package. Use iftex instead.

(/usr/share/texlive/texmf-dist/tex/generic/iftex/iftex.sty
Package: iftex 2019/11/07 v1.0c TeX engine tests
))
\Gm@cnth=\count175
\Gm@cntv=\count176
\c@Gm@tempcnt=\count177
\Gm@bindingoffset=\dimen135
\Gm@wd@mp=\dimen136
\Gm@odd@mp=\dimen137
\Gm@even@mp=\dimen138
\Gm@layoutwidth=\dimen139
\Gm@layoutheight=\dimen140
\Gm@layouthoffset=\dimen141
\Gm@layoutvoffset=\dimen142
\Gm@dimlist=\toks17
)
(/usr/share/texlive/texmf-dist/tex/latex/amsmath/amsmath.sty
Package: amsmath 2020/01/20 v2.17e AMS math features
\@mathmargin=\skip49

For additional information on amsmath, use the `?' option.
(/usr/share/texlive/texmf-dist/tex/latex/amsmath/amstext.sty
Package: amstext 2000/06/29 v2.01 AMS text

(/usr/share/texlive/texmf-dist/tex/latex/amsmath/amsgen.sty
File: amsgen.sty 1999/11/30 v2.0 generic functions
\@emptytoks=\toks18
\ex@=\dimen143
))
(/usr/share/texlive/texmf-dist/tex/latex/amsmath/amsbsy.sty
Package: amsbsy 1999/11/29 v1.2d Bold Symbols
\pmbraise@=\dimen144
)
(/usr/share/texlive/texmf-dist/tex/latex/amsmath/amsopn.sty
Package: amsopn 2016/03/08 v2.02 operator names
)
\inf@bad=\count178
LaTeX Info: Redefining \frac on input line 227.
\uproot@=\count179
\leftroot@=\count180
LaTeX Info: Redefining \overline on input line 389.
\classnum@=\count181
\DOTSCASE@=\count182
LaTeX Info: Redefining \ldots on input line 486.
LaTeX Info: Redefining \dots on input line 489.
LaTeX Info: Redefining \cdots on input line 610.
\Mathstrutbox@=\box45
\strutbox@=\box46
\big@size=\dimen145
LaTeX Font Info:    Redeclaring font encoding OML on input line 733.
LaTeX Font Info:    Redeclaring font encoding OMS on input line 734.
\macc@depth=\count183
\c@MaxMatrixCols=\count184
\dotsspace@=\muskip16
\c@parentequation=\count185
\dspbrk@lvl=\count186
\tag@help=\toks19
\row@=\count187
\column@=\count188
\maxfields@=\count189
\andhelp@=\toks20
\eqnshift@=\dimen146
\alignsep@=\dimen147
\tagshift@=\dimen148
\tagwidth@=\dimen149
\totwidth@=\dimen150
\lineht@=\dimen151
\@envbody=\toks21
\multlinegap=\skip50
\multlinetaggap=\skip51
\mathdisplay@stack=\toks22
LaTeX Info: Redefining \[ on input line 2859.
LaTeX Info: Redefining \] on input line 2860.
)
(/usr/share/texlive/texmf-dist/tex/latex/amsfonts/amssymb.sty
Package: amssymb 2013/01/14 v3.01 AMS font symbols

(/usr/share/texlive/texmf-dist/tex/latex/amsfonts/amsfonts.sty
Package: amsfonts 2013/01/14 v3.01 Basic AMSFonts support
\symAMSa=\mathgroup4
\symAMSb=\mathgroup5
LaTeX Font Info:    Redeclaring math symbol \hbar on input line 98.
LaTeX Font Info:    Overwriting math alphabet `\mathfrak' in version `bold'
(Font)                  U/euf/m/n --> U/euf/b/n on input line 106.
))
(/usr/share/texlive/texmf-dist/tex/latex/amscls/amsthm.sty
Package: amsthm 2017/10/31 v2.20.4
\thm@style=\toks23
\thm@bodyfont=\toks24
\thm@headfont=\toks25
\thm@notefont=\toks26
\thm@headpunct=\toks27
\thm@preskip=\skip52
\thm@postskip=\skip53
\thm@headsep=\skip54
\dth@everypar=\toks28
)
(/usr/share/texlive/texmf-dist/tex/latex/fancyhdr/fancyhdr.sty
Package: fancyhdr 2019/01/31 v3.10 Extensive control of page headers and footer
s
\f@nch@headwidth=\skip55
\f@nch@O@elh=\skip56
\f@nch@O@erh=\skip57
\f@nch@O@olh=\skip58
\f@nch@O@orh=\skip59
\f@nch@O@elf=\skip60
\f@nch@O@erf=\skip61
\f@nch@O@olf=\skip62
\f@nch@O@orf=\skip63
)
(/usr/share/texlive/texmf-dist/tex/latex/lastpage/lastpage.sty
Package: lastpage 2015/03/29 v1.2m Refers to last page's name (HMM; JPG)
)
(/usr/share/texlive/texmf-dist/tex/latex/graphics/graphicx.sty
Package: graphicx 2019/11/30 v1.2a Enhanced LaTeX Graphics (DPC,SPQR)

(/usr/share/texlive/texmf-dist/tex/latex/graphics/graphics.sty
Package: graphics 2019/11/30 v1.4a Standard LaTeX Graphics (DPC,SPQR)

(/usr/share/texlive/texmf-dist/tex/latex/graphics/trig.sty
Package: trig 2016/01/03 v1.10 sin cos tan (DPC)
)
(/usr/share/texlive/texmf-dist/tex/latex/graphics-cfg/graphics.cfg
File: graphics.cfg 2016/06/04 v1.11 sample graphics configuration
)
Package graphics Info: Driver file: pdftex.def on input line 105.

(/usr/share/texlive/texmf-dist/tex/latex/graphics-def/pdftex.def
File: pdftex.def 2018/01/08 v1.0l Graphics/color driver for pdftex
))
\Gin@req@height=\dimen152
\Gin@req@width=\dimen153
)
(/usr/share/texlive/texmf-dist/tex/latex/doublestroke/dsfont.sty
Package: dsfont 1995/08/01 v0.1 Double stroke roman fonts
)
(/usr/share/texlive/texmf-dist/tex/latex/float/float.sty
Package: float 2001/11/08 v1.3d Float enhancements (AL)
\c@float@type=\count190
\float@exts=\toks29
\float@box=\box47
\@float@everytoks=\toks30
\@floatcapt=\box48
)
(/usr/share/texlive/texmf-dist/tex/latex/hyperref/hyperref.sty
Package: hyperref 2020/01/14 v7.00d Hypertext links for LaTeX

(/usr/share/texlive/texmf-dist/tex/generic/ltxcmds/ltxcmds.sty
Package: ltxcmds 2019/12/15 v1.24 LaTeX kernel commands for general use (HO)
)
(/usr/share/texlive/texmf-dist/tex/latex/pdftexcmds/pdftexcmds.sty
Package: pdftexcmds 2019/11/24 v0.31 Utility functions of pdfTeX for LuaTeX (HO
)

(/usr/share/texlive/texmf-dist/tex/generic/infwarerr/infwarerr.sty
Package: infwarerr 2019/12/03 v1.5 Providing info/warning/error messages (HO)
)
Package pdftexcmds Info: \pdf@primitive is available.
Package pdftexcmds Info: \pdf@ifprimitive is available.
Package pdftexcmds Info: \pdfdraftmode found.
)
(/usr/share/texlive/texmf-dist/tex/generic/kvsetkeys/kvsetkeys.sty
Package: kvsetkeys 2019/12/15 v1.18 Key value parser (HO)
)
(/usr/share/texlive/texmf-dist/tex/generic/kvdefinekeys/kvdefinekeys.sty
Package: kvdefinekeys 2019-12-19 v1.6 Define keys (HO)
)
(/usr/share/texlive/texmf-dist/tex/generic/pdfescape/pdfescape.sty
Package: pdfescape 2019/12/09 v1.15 Implements pdfTeX's escape features (HO)
)
(/usr/share/texlive/texmf-dist/tex/latex/hycolor/hycolor.sty
Package: hycolor 2020-01-27 v1.10 Color options for hyperref/bookmark (HO)
)
(/usr/share/texlive/texmf-dist/tex/latex/letltxmacro/letltxmacro.sty
Package: letltxmacro 2019/12/03 v1.6 Let assignment for LaTeX macros (HO)
)
(/usr/share/texlive/texmf-dist/tex/latex/auxhook/auxhook.sty
Package: auxhook 2019-12-17 v1.6 Hooks for auxiliary files (HO)
)
(/usr/share/texlive/texmf-dist/tex/latex/kvoptions/kvoptions.sty
Package: kvoptions 2019/11/29 v3.13 Key value format for package options (HO)
)
\@linkdim=\dimen154
\Hy@linkcounter=\count191
\Hy@pagecounter=\count192

(/usr/share/texlive/texmf-dist/tex/latex/hyperref/pd1enc.def
File: pd1enc.def 2020/01/14 v7.00d Hyperref: PDFDocEncoding definition (HO)
Now handling font encoding PD1 ...
... no UTF-8 mapping file for font encoding PD1
)
(/usr/share/texlive/texmf-dist/tex/generic/intcalc/intcalc.sty
Package: intcalc 2019/12/15 v1.3 Expandable calculations with integers (HO)
)
(/usr/share/texlive/texmf-dist/tex/generic/etexcmds/etexcmds.sty
Package: etexcmds 2019/12/15 v1.7 Avoid name clashes with e-TeX commands (HO)
)
\Hy@SavedSpaceFactor=\count193
\pdfmajorversion=\count194
Package hyperref Info: Hyper figures OFF on input line 4547.
Package hyperref Info: Link nesting OFF on input line 4552.
Package hyperref Info: Hyper index ON on input line 4555.
Package hyperref Info: Plain pages OFF on input line 4562.
Package hyperref Info: Backreferencing OFF on input line 4567.
Package hyperref Info: Implicit mode ON; LaTeX internals redefined.
Package hyperref Info: Bookmarks ON on input line 4800.
\c@Hy@tempcnt=\count195

(/usr/share/texlive/texmf-dist/tex/latex/url/url.sty
\Urlmuskip=\muskip17
Package: url 2013/09/16  ver 3.4  Verb mode for urls, etc.
)
LaTeX Info: Redefining \url on input line 5159.
\XeTeXLinkMargin=\dimen155

(/usr/share/texlive/texmf-dist/tex/generic/bitset/bitset.sty
Package: bitset 2019/12/09 v1.3 Handle bit-vector datatype (HO)

(/usr/share/texlive/texmf-dist/tex/generic/bigintcalc/bigintcalc.sty
Package: bigintcalc 2019/12/15 v1.5 Expandable calculations on big integers (HO
)
))
\Fld@menulength=\count196
\Field@Width=\dimen156
\Fld@charsize=\dimen157
Package hyperref Info: Hyper figures OFF on input line 6430.
Package hyperref Info: Link nesting OFF on input line 6435.
Package hyperref Info: Hyper index ON on input line 6438.
Package hyperref Info: backreferencing OFF on input line 6445.
Package hyperref Info: Link coloring OFF on input line 6450.
Package hyperref Info: Link coloring with OCG OFF on input line 6455.
Package hyperref Info: PDF/A mode OFF on input line 6460.
LaTeX Info: Redefining \ref on input line 6500.
LaTeX Info: Redefining \pageref on input line 6504.

(/usr/share/texlive/texmf-dist/tex/generic/atbegshi/atbegshi.sty
Package: atbegshi 2019/12/05 v1.19 At begin shipout hook (HO)
)
\Hy@abspage=\count197
\c@Item=\count198
\c@Hfootnote=\count199
)
Package hyperref Info: Driver (autodetected): hpdftex.

(/usr/share/texlive/texmf-dist/tex/latex/hyperref/hpdftex.def
File: hpdftex.def 2020/01/14 v7.00d Hyperref driver for pdfTeX

(/usr/share/texlive/texmf-dist/tex/latex/atveryend/atveryend.sty
Package: atveryend 2019-12-11 v1.11 Hooks at the very end of document (HO)
Package atveryend Info: \enddocument detected (standard20110627).
)
\Fld@listcount=\count266
\c@bookmark@seq@number=\count267

(/usr/share/texlive/texmf-dist/tex/latex/rerunfilecheck/rerunfilecheck.sty
Package: rerunfilecheck 2019/12/05 v1.9 Rerun checks for auxiliary files (HO)

(/usr/share/texlive/texmf-dist/tex/generic/uniquecounter/uniquecounter.sty
Package: uniquecounter 2019/12/15 v1.4 Provide unlimited unique counter (HO)
)
Package uniquecounter Info: New unique counter `rerunfilecheck' on input line 2
86.
)
\Hy@SectionHShift=\skip64
)
(/usr/share/texlive/texmf-dist/tex/latex/tools/calc.sty
Package: calc 2017/05/25 v4.3 Infix arithmetic (KKT,FJ)
\calc@Acount=\count268
\calc@Bcount=\count269
\calc@Adimen=\dimen158
\calc@Bdimen=\dimen159
\calc@Askip=\skip65
\calc@Bskip=\skip66
LaTeX Info: Redefining \setlength on input line 80.
LaTeX Info: Redefining \addtolength on input line 81.
\calc@Ccount=\count270
\calc@Cskip=\skip67
)
(/usr/share/texlive/texmf-dist/tex/latex/graphics/color.sty
Package: color 2019/11/23 v1.2a Standard LaTeX Color (DPC)

(/usr/share/texlive/texmf-dist/tex/latex/graphics-cfg/color.cfg
File: color.cfg 2016/01/02 v1.6 sample color configuration
)
Package color Info: Driver file: pdftex.def on input line 147.
)
(/usr/share/texlive/texmf-dist/tex/latex/xcolor/xcolor.sty
Package: xcolor 2016/05/11 v2.12 LaTeX color extensions (UK)

(/usr/share/texlive/texmf-dist/tex/latex/graphics-cfg/color.cfg
File: color.cfg 2016/01/02 v1.6 sample color configuration
)
Package xcolor Info: Driver file: pdftex.def on input line 225.
LaTeX Info: Redefining \color on input line 709.
Package xcolor Info: Model `cmy' substituted by `cmy0' on input line 1348.
Package xcolor Info: Model `hsb' substituted by `rgb' on input line 1352.
Package xcolor Info: Model `RGB' extended on input line 1364.
Package xcolor Info: Model `HTML' substituted by `rgb' on input line 1366.
Package xcolor Info: Model `Hsb' substituted by `hsb' on input line 1367.
Package xcolor Info: Model `tHsb' substituted by `hsb' on input line 1368.
Package xcolor Info: Model `HSB' substituted by `hsb' on input line 1369.
Package xcolor Info: Model `Gray' substituted by `gray' on input line 1370.
Package xcolor Info: Model `wave' substituted by `hsb' on input line 1371.
)
(/usr/share/texlive/texmf-dist/tex/generic/babel/babel.sty
Package: babel 2020/02/14 3.40 The Babel package

(/usr/share/texlive/texmf-dist/tex/generic/babel/switch.def
File: switch.def 2020/02/14 3.40 Babel switching mechanism
)
(/usr/share/texlive/texmf-dist/tex/generic/babel-french/french.ldf
Language: french 2020/01/30 v3.5g French support from the babel system

(/usr/share/texlive/texmf-dist/tex/generic/babel/babel.def
File: babel.def 2020/02/14 3.40 Babel common definitions
\babel@savecnt=\count271
\U@D=\dimen160

(/usr/share/texlive/texmf-dist/tex/generic/babel/txtbabel.def)
\bbl@readstream=\read2
\bbl@dirlevel=\count272
)
Package babel Info: \l@acadian = using hyphenrules for french
(babel)             (\language3) on input line 91.
Package babel Info: \l@canadien = using hyphenrules for french
(babel)             (\language3) on input line 92.
\FB@nonchar=\count273
Package babel Info: Making : an active character on input line 419.
Package babel Info: Making ; an active character on input line 420.
Package babel Info: Making ! an active character on input line 421.
Package babel Info: Making ? an active character on input line 422.
\FBguill@level=\count274
\FBold@everypar=\toks31
\FB@Mht=\dimen161
\mc@charclass=\count275
\mc@charfam=\count276
\mc@charslot=\count277
\std@mcc=\count278
\dec@mcc=\count279
\c@FBcaption@count=\count280
\listindentFB=\dimen162
\descindentFB=\dimen163
\labelindentFB=\dimen164
\labelwidthFB=\dimen165
\leftmarginFB=\dimen166
\parindentFFN=\dimen167
\FBfnindent=\dimen168
))
(/usr/share/texlive/texmf-dist/tex/latex/carlisle/scalefnt.sty)
(/usr/share/texlive/texmf-dist/tex/latex/listings/listings.sty
\lst@mode=\count281
\lst@gtempboxa=\box49
\lst@token=\toks32
\lst@length=\count282
\lst@currlwidth=\dimen169
\lst@column=\count283
\lst@pos=\count284
\lst@lostspace=\dimen170
\lst@width=\dimen171
\lst@newlines=\count285
\lst@lineno=\count286
\lst@maxwidth=\dimen172

(/usr/share/texlive/texmf-dist/tex/latex/listings/lstmisc.sty
File: lstmisc.sty 2019/09/10 1.8c (Carsten Heinz)
\c@lstnumber=\count287
\lst@skipnumbers=\count288
\lst@framebox=\box50
)
(/usr/share/texlive/texmf-dist/tex/latex/listings/listings.cfg
File: listings.cfg 2019/09/10 1.8c listings configuration
))
Package: listings 2019/09/10 1.8c (Carsten Heinz)

(/usr/share/texlive/texmf-dist/tex/latex/listings/lstlang1.sty
File: lstlang1.sty 2019/09/10 1.8c listings language file
)
(/usr/share/texlive/texmf-dist/tex/latex/listings/lstmisc.sty
File: lstmisc.sty 2019/09/10 1.8c (Carsten Heinz)
)
(/usr/share/texlive/texmf-dist/tex/latex/l3backend/l3backend-pdfmode.def
File: l3backend-pdfmode.def 2020-02-03 L3 backend support: PDF mode
\l__kernel_color_stack_int=\count289
\l__pdf_internal_box=\box51
)
(./rapport.aux)
\openout1 = `rapport.aux'.

LaTeX Font Info:    Checking defaults for OML/cmm/m/it on input line 78.
LaTeX Font Info:    ... okay on input line 78.
LaTeX Font Info:    Checking defaults for OMS/cmsy/m/n on input line 78.
LaTeX Font Info:    ... okay on input line 78.
LaTeX Font Info:    Checking defaults for OT1/cmr/m/n on input line 78.
LaTeX Font Info:    ... okay on input line 78.
LaTeX Font Info:    Checking defaults for T1/cmr/m/n on input line 78.
LaTeX Font Info:    ... okay on input line 78.
LaTeX Font Info:    Checking defaults for TS1/cmr/m/n on input line 78.
LaTeX Font Info:    ... okay on input line 78.
LaTeX Font Info:    Checking defaults for OMX/cmex/m/n on input line 78.
LaTeX Font Info:    ... okay on input line 78.
LaTeX Font Info:    Checking defaults for U/cmr/m/n on input line 78.
LaTeX Font Info:    ... okay on input line 78.
LaTeX Font Info:    Checking defaults for PD1/pdf/m/n on input line 78.
LaTeX Font Info:    ... okay on input line 78.
LaTeX Font Info:    Trying to load font information for T1+lmr on input line 78
.
 (/usr/share/texmf/tex/latex/lm/t1lmr.fd
File: t1lmr.fd 2009/10/30 v1.6 Font defs for Latin Modern
)
*geometry* driver: auto-detecting
*geometry* detected driver: pdftex
*geometry* verbose mode - [ preamble ] result:
* driver: pdftex
* paper: a4paper
* layout: <same size as paper>
* layoutoffset:(h,v)=(0.0pt,0.0pt)
* modes: 
* h-part:(L,W,R)=(56.9055pt, 483.69687pt, 56.9055pt)
* v-part:(T,H,B)=(56.9055pt, 731.23584pt, 56.9055pt)
* \paperwidth=597.50787pt
* \paperheight=845.04684pt
* \textwidth=483.69687pt
* \textheight=731.23584pt
* \oddsidemargin=-15.36449pt
* \evensidemargin=-15.36449pt
* \topmargin=-52.36449pt
* \headheight=31.0pt
* \headsep=25.0pt
* \topskip=12.0pt
* \footskip=30.0pt
* \marginparwidth=44.0pt
* \marginparsep=10.0pt
* \columnsep=10.0pt
* \skip\footins=10.8pt plus 4.0pt minus 2.0pt
* \hoffset=0.0pt
* \voffset=0.0pt
* \mag=1000
* \@twocolumnfalse
* \@twosidefalse
* \@mparswitchfalse
* \@reversemarginfalse
* (1in=72.27pt=25.4mm, 1cm=28.453pt)

Package lastpage Info: Please have a look at the pageslts package at
(lastpage)             https://www.ctan.org/pkg/pageslts
(lastpage)             ! on input line 78.
(/usr/share/texlive/texmf-dist/tex/context/base/mkii/supp-pdf.mkii
[Loading MPS to PDF converter (version 2006.09.02).]
\scratchcounter=\count290
\scratchdimen=\dimen173
\scratchbox=\box52
\nofMPsegments=\count291
\nofMParguments=\count292
\everyMPshowfont=\toks33
\MPscratchCnt=\count293
\MPscratchDim=\dimen174
\MPnumerator=\count294
\makeMPintoPDFobject=\count295
\everyMPtoPDFconversion=\toks34
) (/usr/share/texlive/texmf-dist/tex/latex/epstopdf-pkg/epstopdf-base.sty
Package: epstopdf-base 2020-01-24 v2.11 Base part for package epstopdf
Package epstopdf-base Info: Redefining graphics rule for `.eps' on input line 4
85.

(/usr/share/texlive/texmf-dist/tex/latex/latexconfig/epstopdf-sys.cfg
File: epstopdf-sys.cfg 2010/07/13 v1.3 Configuration of (r)epstopdf for TeX Liv
e
))
\AtBeginShipoutBox=\box53
Package hyperref Info: Link coloring OFF on input line 78.

(/usr/share/texlive/texmf-dist/tex/latex/hyperref/nameref.sty
Package: nameref 2019/09/16 v2.46 Cross-referencing by name of section

(/usr/share/texlive/texmf-dist/tex/latex/refcount/refcount.sty
Package: refcount 2019/12/15 v3.6 Data extraction from label references (HO)
)
(/usr/share/texlive/texmf-dist/tex/generic/gettitlestring/gettitlestring.sty
Package: gettitlestring 2019/12/15 v1.6 Cleanup title references (HO)
)
\c@section@level=\count296
)
LaTeX Info: Redefining \ref on input line 78.
LaTeX Info: Redefining \pageref on input line 78.
LaTeX Info: Redefining \nameref on input line 78.

(./rapport.out) (./rapport.out)
\@outlinefile=\write3
\openout3 = `rapport.out'.

LaTeX Info: Redefining \degres on input line 78.
LaTeX Info: Redefining \dots on input line 78.
LaTeX Info: Redefining \up on input line 78.
\c@lstlisting=\count297
<gardeisima.png, id=84, 185.0112pt x 79.2561pt>
File: gardeisima.png Graphic file (type png)
<use gardeisima.png>
Package pdftex.def Info: gardeisima.png  used on input line 83.
(pdftex.def)             Requested size: 296.01831pt x 126.80992pt.
<garde.png, id=85, 1204.5pt x 313.9228pt>
File: garde.png Graphic file (type png)
<use garde.png>
Package pdftex.def Info: garde.png  used on input line 108.
(pdftex.def)             Requested size: 597.50787pt x 155.72997pt.
 [1

{/var/lib/texmf/fonts/map/pdftex/updmap/pdftex.map} <./gardeisima.png> <./garde
.png (PNG copy)>] (./rapport.toc
LaTeX Font Info:    Trying to load font information for OT1+lmr on input line 4
.

(/usr/share/texmf/tex/latex/lm/ot1lmr.fd
File: ot1lmr.fd 2009/10/30 v1.6 Font defs for Latin Modern
)
LaTeX Font Info:    Trying to load font information for OML+lmm on input line 4
.

(/usr/share/texmf/tex/latex/lm/omllmm.fd
File: omllmm.fd 2009/10/30 v1.6 Font defs for Latin Modern
)
LaTeX Font Info:    Trying to load font information for OMS+lmsy on input line 
4.

(/usr/share/texmf/tex/latex/lm/omslmsy.fd
File: omslmsy.fd 2009/10/30 v1.6 Font defs for Latin Modern
)
LaTeX Font Info:    Trying to load font information for OMX+lmex on input line 
4.

(/usr/share/texmf/tex/latex/lm/omxlmex.fd
File: omxlmex.fd 2009/10/30 v1.6 Font defs for Latin Modern
)
LaTeX Font Info:    External font `lmex10' loaded for size
(Font)              <12> on input line 4.
LaTeX Font Info:    External font `lmex10' loaded for size
(Font)              <8> on input line 4.
LaTeX Font Info:    External font `lmex10' loaded for size
(Font)              <6> on input line 4.
LaTeX Font Info:    Trying to load font information for U+msa on input line 4.

(/usr/share/texlive/texmf-dist/tex/latex/amsfonts/umsa.fd
File: umsa.fd 2013/01/14 v3.01 AMS symbols A
)
LaTeX Font Info:    Trying to load font information for U+msb on input line 4.

(/usr/share/texlive/texmf-dist/tex/latex/amsfonts/umsb.fd
File: umsb.fd 2013/01/14 v3.01 AMS symbols B
))
\tf@toc=\write4
\openout4 = `rapport.toc'.


Underfull \hbox (badness 10000) in paragraph at lines 142--143

 []


Underfull \hbox (badness 10000) in paragraph at lines 147--148

 []


Underfull \hbox (badness 10000) in paragraph at lines 150--152

 []

<structure.png, id=118, 1129.21875pt x 752.8125pt>
File: structure.png Graphic file (type png)
<use structure.png>
Package pdftex.def Info: structure.png  used on input line 162.
(pdftex.def)             Requested size: 508.14375pt x 338.76248pt.

Overfull \hbox (24.44688pt too wide) in paragraph at lines 162--164
 [][] 
 []

<uca-p.png, id=119, 513.92pt x 513.92pt>
File: uca-p.png Graphic file (type png)
<use uca-p.png>
Package pdftex.def Info: uca-p.png  used on input line 165.
(pdftex.def)             Requested size: 25.6975pt x 25.6975pt.
pdfTeX warning (ext4): destination with the same identifier (name{page.1}) has 
been already used, duplicate ignored
<to be read again> 
                   \relax 
l.165 \end{figure}
                   [1 <./uca-p.png>]
Underfull \hbox (badness 10000) in paragraph at lines 178--179

 []


Underfull \hbox (badness 10000) in paragraph at lines 181--182

 []

<entree.png, id=130, 174.6525pt x 243.91125pt>
File: entree.png Graphic file (type png)
<use entree.png>
Package pdftex.def Info: entree.png  used on input line 184.
(pdftex.def)             Requested size: 104.7923pt x 146.34787pt.
File: uca-p.png Graphic file (type png)
<use uca-p.png>
Package pdftex.def Info: uca-p.png  used on input line 188.
(pdftex.def)             Requested size: 25.6975pt x 25.6975pt.
[2 <./structure.png (PNG copy)>]
<sortie.png, id=138, 174.6525pt x 215.80624pt>
File: sortie.png Graphic file (type png)
<use sortie.png>
Package pdftex.def Info: sortie.png  used on input line 194.
(pdftex.def)             Requested size: 104.7923pt x 129.48474pt.

Underfull \hbox (badness 10000) in paragraph at lines 204--205

 []


Underfull \hbox (badness 10000) in paragraph at lines 210--211

 []

LaTeX Font Info:    Trying to load font information for TS1+lmr on input line 2
15.
(/usr/share/texmf/tex/latex/lm/ts1lmr.fd
File: ts1lmr.fd 2009/10/30 v1.6 Font defs for Latin Modern
)
File: uca-p.png Graphic file (type png)
<use uca-p.png>
Package pdftex.def Info: uca-p.png  used on input line 219.
(pdftex.def)             Requested size: 25.6975pt x 25.6975pt.
 [3 <./entree.png> <./sortie.png>]
File: uca-p.png Graphic file (type png)
<use uca-p.png>
Package pdftex.def Info: uca-p.png  used on input line 261.
(pdftex.def)             Requested size: 25.6975pt x 25.6975pt.

[4]
Underfull \hbox (badness 10000) in paragraph at lines 263--264

 []


Underfull \hbox (badness 10000) in paragraph at lines 265--266

 []


Underfull \hbox (badness 10000) in paragraph at lines 271--272

 []


Underfull \hbox (badness 10000) in paragraph at lines 273--275

 []

<nouvSemaine.png, id=178, 201.75375pt x 315.1775pt>
File: nouvSemaine.png Graphic file (type png)
<use nouvSemaine.png>
Package pdftex.def Info: nouvSemaine.png  used on input line 277.
(pdftex.def)             Requested size: 100.87662pt x 157.58836pt.

Underfull \hbox (badness 10000) in paragraph at lines 283--284

 []

File: uca-p.png Graphic file (type png)
<use uca-p.png>
Package pdftex.def Info: uca-p.png  used on input line 285.
(pdftex.def)             Requested size: 25.6975pt x 25.6975pt.
[5 <./nouvSemaine.png>]
Underfull \hbox (badness 10000) in paragraph at lines 290--292

 []


Underfull \hbox (badness 10000) in paragraph at lines 299--300

 []


Underfull \hbox (badness 10000) in paragraph at lines 309--310

 []

File: uca-p.png Graphic file (type png)
<use uca-p.png>
Package pdftex.def Info: uca-p.png  used on input line 315.
(pdftex.def)             Requested size: 25.6975pt x 25.6975pt.
[6]
Underfull \hbox (badness 10000) in paragraph at lines 318--320

 []


Underfull \hbox (badness 10000) in paragraph at lines 323--325

 []


Underfull \hbox (badness 10000) in paragraph at lines 333--334

 []


Underfull \hbox (badness 10000) in paragraph at lines 337--338

 []

File: uca-p.png Graphic file (type png)
<use uca-p.png>
Package pdftex.def Info: uca-p.png  used on input line 338.
(pdftex.def)             Requested size: 25.6975pt x 25.6975pt.
[7]
<s-vide.png, id=200, 629.35126pt x 169.63374pt>
File: s-vide.png Graphic file (type png)
<use s-vide.png>
Package pdftex.def Info: s-vide.png  used on input line 340.
(pdftex.def)             Requested size: 377.61366pt x 101.78102pt.

Underfull \hbox (badness 10000) in paragraph at lines 345--346

 []

<s-fausse.png, id=201, 633.36626pt x 163.61125pt>
File: s-fausse.png Graphic file (type png)
<use s-fausse.png>
Package pdftex.def Info: s-fausse.png  used on input line 348.
(pdftex.def)             Requested size: 380.02269pt x 98.1675pt.

Underfull \hbox (badness 10000) in paragraph at lines 353--354

 []

<a-fausse.png, id=202, 638.385pt x 165.61874pt>
File: a-fausse.png Graphic file (type png)
<use a-fausse.png>
Package pdftex.def Info: a-fausse.png  used on input line 356.
(pdftex.def)             Requested size: 383.03394pt x 99.37201pt.

Underfull \hbox (badness 10000) in paragraph at lines 365--366

 []

File: uca-p.png Graphic file (type png)
<use uca-p.png>
Package pdftex.def Info: uca-p.png  used on input line 366.
(pdftex.def)             Requested size: 25.6975pt x 25.6975pt.
[8 <./s-vide.png> <./s-fausse.png> <./a-fausse.png>]
Underfull \hbox (badness 10000) in paragraph at lines 367--368

 []

<aj-premier.png, id=214, 543.02875pt x 144.54pt>
File: aj-premier.png Graphic file (type png)
<use aj-premier.png>
Package pdftex.def Info: aj-premier.png  used on input line 370.
(pdftex.def)             Requested size: 325.81975pt x 86.72466pt.

Underfull \hbox (badness 10000) in paragraph at lines 375--376

 []

<aj-tsem.png, id=215, 590.205pt x 218.8175pt>
File: aj-tsem.png Graphic file (type png)
<use aj-tsem.png>
Package pdftex.def Info: aj-tsem.png  used on input line 378.
(pdftex.def)             Requested size: 354.12573pt x 131.2915pt.

Overfull \hbox (26.1817pt too wide) in paragraph at lines 383--384
[]\T1/lmr/m/n/12 On fait de même mais en ajou-tant en-suite une se-maine en fin
 de liste ! C'est \T1/lmr/bx/n/12 ajout_fin_semaine\T1/lmr/m/n/12 .
 []


Underfull \hbox (badness 10000) in paragraph at lines 383--384

 []

<aj-fsem.png, id=216, 583.17876pt x 221.82875pt>
File: aj-fsem.png Graphic file (type png)
<use aj-fsem.png>
Package pdftex.def Info: aj-fsem.png  used on input line 386.
(pdftex.def)             Requested size: 349.90996pt x 133.09825pt.

Underfull \hbox (badness 10000) in paragraph at lines 391--392

 []

File: uca-p.png Graphic file (type png)
<use uca-p.png>
Package pdftex.def Info: uca-p.png  used on input line 392.
(pdftex.def)             Requested size: 25.6975pt x 25.6975pt.
[9 <./aj-premier.png> <./aj-tsem.png> <./aj-fsem.png>]
<aj-csem.png, id=228, 635.37375pt x 312.16624pt>
File: aj-csem.png Graphic file (type png)
<use aj-csem.png>
Package pdftex.def Info: aj-csem.png  used on input line 394.
(pdftex.def)             Requested size: 381.22719pt x 187.3012pt.

Underfull \hbox (badness 10000) in paragraph at lines 399--400

 []

<aj-tac.png, id=229, 599.23875pt x 207.77625pt>
File: aj-tac.png Graphic file (type png)
<use aj-tac.png>
Package pdftex.def Info: aj-tac.png  used on input line 402.
(pdftex.def)             Requested size: 359.54602pt x 124.6667pt.

Underfull \hbox (badness 10000) in paragraph at lines 407--408

 []

<aj-fac.png, id=230, 577.15625pt x 182.6825pt>
File: aj-fac.png Graphic file (type png)
<use aj-fac.png>
Package pdftex.def Info: aj-fac.png  used on input line 410.
(pdftex.def)             Requested size: 346.29642pt x 109.61034pt.

Underfull \hbox (badness 10000) in paragraph at lines 415--416

 []

File: uca-p.png Graphic file (type png)
<use uca-p.png>
Package pdftex.def Info: uca-p.png  used on input line 416.
(pdftex.def)             Requested size: 25.6975pt x 25.6975pt.
[10 <./aj-csem.png> <./aj-tac.png> <./aj-fac.png>]
<aj-cac.png, id=242, 632.3625pt x 199.74625pt>
File: aj-cac.png Graphic file (type png)
<use aj-cac.png>
Package pdftex.def Info: aj-cac.png  used on input line 418.
(pdftex.def)             Requested size: 379.42043pt x 119.84866pt.

Underfull \hbox (badness 10000) in paragraph at lines 427--428

 []


Underfull \hbox (badness 10000) in paragraph at lines 429--430

 []

<su-su.png, id=243, 615.29875pt x 254.9525pt>
File: su-su.png Graphic file (type png)
<use su-su.png>
Package pdftex.def Info: su-su.png  used on input line 432.
(pdftex.def)             Requested size: 369.1821pt x 152.97266pt.

Underfull \hbox (badness 10000) in paragraph at lines 437--438

 []

<su-st.png, id=244, 595.22375pt x 359.3425pt>
File: su-st.png Graphic file (type png)
<use su-st.png>
Package pdftex.def Info: su-st.png  used on input line 440.
(pdftex.def)             Requested size: 357.13701pt x 215.60715pt.
File: uca-p.png Graphic file (type png)
<use uca-p.png>
Package pdftex.def Info: uca-p.png  used on input line 444.
(pdftex.def)             Requested size: 25.6975pt x 25.6975pt.
[11 <./aj-cac.png> <./su-su.png>]
Underfull \hbox (badness 10000) in paragraph at lines 445--446

 []

<su-sf.png, id=254, 582.175pt x 370.38374pt>
File: su-sf.png Graphic file (type png)
<use su-sf.png>
Package pdftex.def Info: su-sf.png  used on input line 448.
(pdftex.def)             Requested size: 349.3077pt x 222.23195pt.

Underfull \hbox (badness 10000) in paragraph at lines 453--454

 []

<su-sc.png, id=255, 639.38875pt x 478.78876pt>
File: su-sc.png Graphic file (type png)
<use su-sc.png>
Package pdftex.def Info: su-sc.png  used on input line 456.
(pdftex.def)             Requested size: 383.6362pt x 287.27547pt.
File: uca-p.png Graphic file (type png)
<use uca-p.png>
Package pdftex.def Info: uca-p.png  used on input line 460.
(pdftex.def)             Requested size: 25.6975pt x 25.6975pt.
[12 <./su-st.png> <./su-sf.png>]
Underfull \hbox (badness 10000) in paragraph at lines 461--462

 []

<su-at.png, id=266, 584.1825pt x 331.2375pt>
File: su-at.png Graphic file (type png)
<use su-at.png>
Package pdftex.def Info: su-at.png  used on input line 464.
(pdftex.def)             Requested size: 350.51219pt x 198.74402pt.

Underfull \hbox (badness 10000) in paragraph at lines 469--470

 []

<su-af.png, id=267, 573.14125pt x 336.25626pt>
File: su-af.png Graphic file (type png)
<use su-af.png>
Package pdftex.def Info: su-af.png  used on input line 472.
(pdftex.def)             Requested size: 343.8874pt x 201.75531pt.
File: uca-p.png Graphic file (type png)
<use uca-p.png>
Package pdftex.def Info: uca-p.png  used on input line 476.
(pdftex.def)             Requested size: 25.6975pt x 25.6975pt.
[13 <./su-sc.png> <./su-at.png>]
Underfull \hbox (badness 10000) in paragraph at lines 477--478

 []

<su-ac.png, id=277, 627.34375pt x 366.36874pt>
File: su-ac.png Graphic file (type png)
<use su-ac.png>
Package pdftex.def Info: su-ac.png  used on input line 480.
(pdftex.def)             Requested size: 376.40915pt x 219.82294pt.

Underfull \hbox (badness 10000) in paragraph at lines 485--486

 []

<su-ep.png, id=278, 627.34375pt x 381.425pt>
File: su-ep.png Graphic file (type png)
<use su-ep.png>
Package pdftex.def Info: su-ep.png  used on input line 488.
(pdftex.def)             Requested size: 376.40915pt x 228.85675pt.
File: uca-p.png Graphic file (type png)
<use uca-p.png>
Package pdftex.def Info: uca-p.png  used on input line 492.
(pdftex.def)             Requested size: 25.6975pt x 25.6975pt.
[14 <./su-af.png> <./su-ac.png>]
Underfull \hbox (badness 10000) in paragraph at lines 495--496

 []

<co-ep.png, id=288, 578.16pt x 145.54375pt>
File: co-ep.png Graphic file (type png)
<use co-ep.png>
Package pdftex.def Info: co-ep.png  used on input line 498.
(pdftex.def)             Requested size: 346.89867pt x 87.3269pt.

Underfull \hbox (badness 10000) in paragraph at lines 504--505

 []

<co-tm.png, id=289, 563.10374pt x 426.59375pt>
File: co-tm.png Graphic file (type png)
<use co-tm.png>
Package pdftex.def Info: co-tm.png  used on input line 507.
(pdftex.def)             Requested size: 337.86485pt x 255.95822pt.
File: uca-p.png Graphic file (type png)
<use uca-p.png>
Package pdftex.def Info: uca-p.png  used on input line 511.
(pdftex.def)             Requested size: 25.6975pt x 25.6975pt.
[15 <./su-ep.png> <./co-ep.png>]
<co-mc.png, id=299, 607.26875pt x 193.72375pt>
File: co-mc.png Graphic file (type png)
<use co-mc.png>
Package pdftex.def Info: co-mc.png  used on input line 515.
(pdftex.def)             Requested size: 364.36406pt x 116.23514pt.
File: uca-p.png Graphic file (type png)
<use uca-p.png>
Package pdftex.def Info: uca-p.png  used on input line 521.
(pdftex.def)             Requested size: 25.6975pt x 25.6975pt.
 [16 <./co-tm.png> <./co-mc.png>]
(./rapport.lof)
\tf@lof=\write5
\openout5 = `rapport.lof'.

 
AED: lastpage setting LastPage
File: uca-p.png Graphic file (type png)
<use uca-p.png>
Package pdftex.def Info: uca-p.png  used on input line 527.
(pdftex.def)             Requested size: 25.6975pt x 25.6975pt.
[17]
Package atveryend Info: Empty hook `BeforeClearDocument' on input line 527.
Package atveryend Info: Empty hook `AfterLastShipout' on input line 527.
 (./rapport.aux)
Package atveryend Info: Executing hook `AtVeryEndDocument' on input line 527.
Package atveryend Info: Executing hook `AtEndAfterFileList' on input line 527.
Package rerunfilecheck Info: File `rapport.out' has not changed.
(rerunfilecheck)             Checksum: 3BE5C7BEC6E5BF28836A8E43E693D461;1353.
Package atveryend Info: Empty hook `AtVeryVeryEnd' on input line 527.
 ) 
Here is how much of TeX's memory you used:
 11260 strings out of 483154
 160314 string characters out of 5965023
 651670 words of memory out of 5000000
 25946 multiletter control sequences out of 15000+600000
 584803 words of font info for 56 fonts, out of 8000000 for 9000
 14 hyphenation exceptions out of 8191
 34i,16n,51p,810b,1510s stack positions out of 5000i,500n,10000p,200000b,80000s
{/usr/share/texmf/fonts/enc/dvips/lm/lm-mathsy.enc}{/usr/share/texmf/fonts/en
c/dvips/lm/lm-ts1.enc}{/usr/share/texmf/fonts/enc/dvips/lm/lm-ec.enc}{/usr/shar
e/texmf/fonts/enc/dvips/lm/lm-mathit.enc}{/usr/share/texmf/fonts/enc/dvips/lm/l
m-rm.enc}</usr/share/texmf/fonts/type1/public/lm/lmbx10.pfb></usr/share/texmf/f
onts/type1/public/lm/lmbx12.pfb></usr/share/texmf/fonts/type1/public/lm/lmcsc10
.pfb></usr/share/texmf/fonts/type1/public/lm/lmmi12.pfb></usr/share/texmf/fonts
/type1/public/lm/lmr10.pfb></usr/share/texmf/fonts/type1/public/lm/lmr12.pfb></
usr/share/texmf/fonts/type1/public/lm/lmr17.pfb></usr/share/texmf/fonts/type1/p
ublic/lm/lmr6.pfb></usr/share/texmf/fonts/type1/public/lm/lmsy10.pfb>
Output written on rapport.pdf (18 pages, 981145 bytes).
PDF statistics:
 401 PDF objects out of 1000 (max. 8388607)
 314 compressed objects within 4 object streams
 87 named destinations out of 1000 (max. 500000)
 301 words of extra memory for PDF output out of 10000 (max. 10000000)

